ERROR - 2022-05-14 07:37:11 --> Column 'categoria' cannot be null
CRITICAL - 2022-05-14 10:38:54 --> Undefined array key "id"
#0 C:\Users\Pichau\Documents\codeigniter4-CodeIgniter4-202f41a\app\Views\detalharProduto.php(97): CodeIgniter\Debug\Exceptions->errorHandler(2, 'Undefined array...', 'C:\\Users\\Pichau...', 97)
#1 C:\Users\Pichau\Documents\codeigniter4-CodeIgniter4-202f41a\system\View\View.php(210): include('C:\\Users\\Pichau...')
#2 C:\Users\Pichau\Documents\codeigniter4-CodeIgniter4-202f41a\system\View\View.php(213): CodeIgniter\View\View->CodeIgniter\View\{closure}()
#3 C:\Users\Pichau\Documents\codeigniter4-CodeIgniter4-202f41a\system\Common.php(1089): CodeIgniter\View\View->render('detalharProduto', Array, true)
#4 C:\Users\Pichau\Documents\codeigniter4-CodeIgniter4-202f41a\app\Controllers\Home.php(129): view('detalharProduto', Array)
#5 C:\Users\Pichau\Documents\codeigniter4-CodeIgniter4-202f41a\system\CodeIgniter.php(832): App\Controllers\Home->descricaoDoProduto()
#6 C:\Users\Pichau\Documents\codeigniter4-CodeIgniter4-202f41a\system\CodeIgniter.php(419): CodeIgniter\CodeIgniter->runController(Object(App\Controllers\Home))
#7 C:\Users\Pichau\Documents\codeigniter4-CodeIgniter4-202f41a\system\CodeIgniter.php(326): CodeIgniter\CodeIgniter->handleRequest(NULL, Object(Config\Cache), false)
#8 C:\Users\Pichau\Documents\codeigniter4-CodeIgniter4-202f41a\public\index.php(37): CodeIgniter\CodeIgniter->run()
#9 C:\Users\Pichau\Documents\codeigniter4-CodeIgniter4-202f41a\system\Commands\Server\rewrite.php(43): require_once('C:\\Users\\Pichau...')
#10 {main}
CRITICAL - 2022-05-14 10:39:17 --> Trying to access array offset on value of type null
#0 C:\Users\Pichau\Documents\codeigniter4-CodeIgniter4-202f41a\app\Views\descricaoDoCliente.php(145): CodeIgniter\Debug\Exceptions->errorHandler(2, 'Trying to acces...', 'C:\\Users\\Pichau...', 145)
#1 C:\Users\Pichau\Documents\codeigniter4-CodeIgniter4-202f41a\system\View\View.php(210): include('C:\\Users\\Pichau...')
#2 C:\Users\Pichau\Documents\codeigniter4-CodeIgniter4-202f41a\system\View\View.php(213): CodeIgniter\View\View->CodeIgniter\View\{closure}()
#3 C:\Users\Pichau\Documents\codeigniter4-CodeIgniter4-202f41a\system\Common.php(1089): CodeIgniter\View\View->render('descricaoDoClie...', Array, true)
#4 C:\Users\Pichau\Documents\codeigniter4-CodeIgniter4-202f41a\app\Controllers\Home.php(333): view('descricaoDoClie...', Array)
#5 C:\Users\Pichau\Documents\codeigniter4-CodeIgniter4-202f41a\system\CodeIgniter.php(832): App\Controllers\Home->descricaoDoCliente()
#6 C:\Users\Pichau\Documents\codeigniter4-CodeIgniter4-202f41a\system\CodeIgniter.php(419): CodeIgniter\CodeIgniter->runController(Object(App\Controllers\Home))
#7 C:\Users\Pichau\Documents\codeigniter4-CodeIgniter4-202f41a\system\CodeIgniter.php(326): CodeIgniter\CodeIgniter->handleRequest(NULL, Object(Config\Cache), false)
#8 C:\Users\Pichau\Documents\codeigniter4-CodeIgniter4-202f41a\public\index.php(37): CodeIgniter\CodeIgniter->run()
#9 C:\Users\Pichau\Documents\codeigniter4-CodeIgniter4-202f41a\system\Commands\Server\rewrite.php(43): require_once('C:\\Users\\Pichau...')
#10 {main}
CRITICAL - 2022-05-14 10:39:40 --> Trying to access array offset on value of type null
#0 C:\Users\Pichau\Documents\codeigniter4-CodeIgniter4-202f41a\app\Views\formEditarProduto.php(75): CodeIgniter\Debug\Exceptions->errorHandler(2, 'Trying to acces...', 'C:\\Users\\Pichau...', 75)
#1 C:\Users\Pichau\Documents\codeigniter4-CodeIgniter4-202f41a\system\View\View.php(210): include('C:\\Users\\Pichau...')
#2 C:\Users\Pichau\Documents\codeigniter4-CodeIgniter4-202f41a\system\View\View.php(213): CodeIgniter\View\View->CodeIgniter\View\{closure}()
#3 C:\Users\Pichau\Documents\codeigniter4-CodeIgniter4-202f41a\system\Common.php(1089): CodeIgniter\View\View->render('formEditarProdu...', Array, true)
#4 C:\Users\Pichau\Documents\codeigniter4-CodeIgniter4-202f41a\app\Controllers\Home.php(221): view('formEditarProdu...', Array)
#5 C:\Users\Pichau\Documents\codeigniter4-CodeIgniter4-202f41a\system\CodeIgniter.php(832): App\Controllers\Home->editarProduto()
#6 C:\Users\Pichau\Documents\codeigniter4-CodeIgniter4-202f41a\system\CodeIgniter.php(419): CodeIgniter\CodeIgniter->runController(Object(App\Controllers\Home))
#7 C:\Users\Pichau\Documents\codeigniter4-CodeIgniter4-202f41a\system\CodeIgniter.php(326): CodeIgniter\CodeIgniter->handleRequest(NULL, Object(Config\Cache), false)
#8 C:\Users\Pichau\Documents\codeigniter4-CodeIgniter4-202f41a\public\index.php(37): CodeIgniter\CodeIgniter->run()
#9 C:\Users\Pichau\Documents\codeigniter4-CodeIgniter4-202f41a\system\Commands\Server\rewrite.php(43): require_once('C:\\Users\\Pichau...')
#10 {main}
CRITICAL - 2022-05-14 10:56:57 --> Undefined variable $categorias
#0 C:\Users\Pichau\Documents\codeigniter4-CodeIgniter4-202f41a\app\Views\home.php(114): CodeIgniter\Debug\Exceptions->errorHandler(2, 'Undefined varia...', 'C:\\Users\\Pichau...', 114)
#1 C:\Users\Pichau\Documents\codeigniter4-CodeIgniter4-202f41a\system\View\View.php(210): include('C:\\Users\\Pichau...')
#2 C:\Users\Pichau\Documents\codeigniter4-CodeIgniter4-202f41a\system\View\View.php(213): CodeIgniter\View\View->CodeIgniter\View\{closure}()
#3 C:\Users\Pichau\Documents\codeigniter4-CodeIgniter4-202f41a\system\Common.php(1089): CodeIgniter\View\View->render('home', Array, true)
#4 C:\Users\Pichau\Documents\codeigniter4-CodeIgniter4-202f41a\app\Controllers\Home.php(16): view('home')
#5 C:\Users\Pichau\Documents\codeigniter4-CodeIgniter4-202f41a\system\CodeIgniter.php(832): App\Controllers\Home->index()
#6 C:\Users\Pichau\Documents\codeigniter4-CodeIgniter4-202f41a\system\CodeIgniter.php(419): CodeIgniter\CodeIgniter->runController(Object(App\Controllers\Home))
#7 C:\Users\Pichau\Documents\codeigniter4-CodeIgniter4-202f41a\system\CodeIgniter.php(326): CodeIgniter\CodeIgniter->handleRequest(NULL, Object(Config\Cache), false)
#8 C:\Users\Pichau\Documents\codeigniter4-CodeIgniter4-202f41a\public\index.php(37): CodeIgniter\CodeIgniter->run()
#9 C:\Users\Pichau\Documents\codeigniter4-CodeIgniter4-202f41a\system\Commands\Server\rewrite.php(43): require_once('C:\\Users\\Pichau...')
#10 {main}
CRITICAL - 2022-05-14 10:58:03 --> Undefined variable $categorias
#0 C:\Users\Pichau\Documents\codeigniter4-CodeIgniter4-202f41a\app\Views\home.php(114): CodeIgniter\Debug\Exceptions->errorHandler(2, 'Undefined varia...', 'C:\\Users\\Pichau...', 114)
#1 C:\Users\Pichau\Documents\codeigniter4-CodeIgniter4-202f41a\system\View\View.php(210): include('C:\\Users\\Pichau...')
#2 C:\Users\Pichau\Documents\codeigniter4-CodeIgniter4-202f41a\system\View\View.php(213): CodeIgniter\View\View->CodeIgniter\View\{closure}()
#3 C:\Users\Pichau\Documents\codeigniter4-CodeIgniter4-202f41a\system\Common.php(1089): CodeIgniter\View\View->render('home', Array, true)
#4 C:\Users\Pichau\Documents\codeigniter4-CodeIgniter4-202f41a\app\Controllers\Home.php(16): view('home')
#5 C:\Users\Pichau\Documents\codeigniter4-CodeIgniter4-202f41a\system\CodeIgniter.php(832): App\Controllers\Home->index()
#6 C:\Users\Pichau\Documents\codeigniter4-CodeIgniter4-202f41a\system\CodeIgniter.php(419): CodeIgniter\CodeIgniter->runController(Object(App\Controllers\Home))
#7 C:\Users\Pichau\Documents\codeigniter4-CodeIgniter4-202f41a\system\CodeIgniter.php(326): CodeIgniter\CodeIgniter->handleRequest(NULL, Object(Config\Cache), false)
#8 C:\Users\Pichau\Documents\codeigniter4-CodeIgniter4-202f41a\public\index.php(37): CodeIgniter\CodeIgniter->run()
#9 C:\Users\Pichau\Documents\codeigniter4-CodeIgniter4-202f41a\system\Commands\Server\rewrite.php(43): require_once('C:\\Users\\Pichau...')
#10 {main}
CRITICAL - 2022-05-14 10:59:03 --> preg_match(): Compilation failed: unmatched closing parenthesis at offset 18
#0 [internal function]: CodeIgniter\Debug\Exceptions->errorHandler(2, 'preg_match(): C...', 'C:\\Users\\Pichau...', 384)
#1 C:\Users\Pichau\Documents\codeigniter4-CodeIgniter4-202f41a\system\Router\Router.php(384): preg_match('#^formEditarPro...', 'descricaoDoProd...', Array)
#2 C:\Users\Pichau\Documents\codeigniter4-CodeIgniter4-202f41a\system\Router\Router.php(154): CodeIgniter\Router\Router->checkRoutes('descricaoDoProd...')
#3 C:\Users\Pichau\Documents\codeigniter4-CodeIgniter4-202f41a\system\CodeIgniter.php(726): CodeIgniter\Router\Router->handle('descricaoDoProd...')
#4 C:\Users\Pichau\Documents\codeigniter4-CodeIgniter4-202f41a\system\CodeIgniter.php(368): CodeIgniter\CodeIgniter->tryToRouteIt(Object(CodeIgniter\Router\RouteCollection))
#5 C:\Users\Pichau\Documents\codeigniter4-CodeIgniter4-202f41a\system\CodeIgniter.php(326): CodeIgniter\CodeIgniter->handleRequest(NULL, Object(Config\Cache), false)
#6 C:\Users\Pichau\Documents\codeigniter4-CodeIgniter4-202f41a\public\index.php(37): CodeIgniter\CodeIgniter->run()
#7 C:\Users\Pichau\Documents\codeigniter4-CodeIgniter4-202f41a\system\Commands\Server\rewrite.php(43): require_once('C:\\Users\\Pichau...')
#8 {main}
CRITICAL - 2022-05-14 10:59:05 --> preg_match(): Compilation failed: unmatched closing parenthesis at offset 18
#0 [internal function]: CodeIgniter\Debug\Exceptions->errorHandler(2, 'preg_match(): C...', 'C:\\Users\\Pichau...', 384)
#1 C:\Users\Pichau\Documents\codeigniter4-CodeIgniter4-202f41a\system\Router\Router.php(384): preg_match('#^formEditarPro...', 'formEditarProdu...', Array)
#2 C:\Users\Pichau\Documents\codeigniter4-CodeIgniter4-202f41a\system\Router\Router.php(154): CodeIgniter\Router\Router->checkRoutes('formEditarProdu...')
#3 C:\Users\Pichau\Documents\codeigniter4-CodeIgniter4-202f41a\system\CodeIgniter.php(726): CodeIgniter\Router\Router->handle('formEditarProdu...')
#4 C:\Users\Pichau\Documents\codeigniter4-CodeIgniter4-202f41a\system\CodeIgniter.php(368): CodeIgniter\CodeIgniter->tryToRouteIt(Object(CodeIgniter\Router\RouteCollection))
#5 C:\Users\Pichau\Documents\codeigniter4-CodeIgniter4-202f41a\system\CodeIgniter.php(326): CodeIgniter\CodeIgniter->handleRequest(NULL, Object(Config\Cache), false)
#6 C:\Users\Pichau\Documents\codeigniter4-CodeIgniter4-202f41a\public\index.php(37): CodeIgniter\CodeIgniter->run()
#7 C:\Users\Pichau\Documents\codeigniter4-CodeIgniter4-202f41a\system\Commands\Server\rewrite.php(43): require_once('C:\\Users\\Pichau...')
#8 {main}
CRITICAL - 2022-05-14 11:01:49 --> preg_match(): Compilation failed: unmatched closing parenthesis at offset 18
#0 [internal function]: CodeIgniter\Debug\Exceptions->errorHandler(2, 'preg_match(): C...', 'C:\\Users\\Pichau...', 384)
#1 C:\Users\Pichau\Documents\codeigniter4-CodeIgniter4-202f41a\system\Router\Router.php(384): preg_match('#^formEditarPro...', 'descricaoDoProd...', Array)
#2 C:\Users\Pichau\Documents\codeigniter4-CodeIgniter4-202f41a\system\Router\Router.php(154): CodeIgniter\Router\Router->checkRoutes('descricaoDoProd...')
#3 C:\Users\Pichau\Documents\codeigniter4-CodeIgniter4-202f41a\system\CodeIgniter.php(726): CodeIgniter\Router\Router->handle('descricaoDoProd...')
#4 C:\Users\Pichau\Documents\codeigniter4-CodeIgniter4-202f41a\system\CodeIgniter.php(368): CodeIgniter\CodeIgniter->tryToRouteIt(Object(CodeIgniter\Router\RouteCollection))
#5 C:\Users\Pichau\Documents\codeigniter4-CodeIgniter4-202f41a\system\CodeIgniter.php(326): CodeIgniter\CodeIgniter->handleRequest(NULL, Object(Config\Cache), false)
#6 C:\Users\Pichau\Documents\codeigniter4-CodeIgniter4-202f41a\public\index.php(37): CodeIgniter\CodeIgniter->run()
#7 C:\Users\Pichau\Documents\codeigniter4-CodeIgniter4-202f41a\system\Commands\Server\rewrite.php(43): require_once('C:\\Users\\Pichau...')
#8 {main}
CRITICAL - 2022-05-14 11:01:51 --> preg_match(): Compilation failed: unmatched closing parenthesis at offset 18
#0 [internal function]: CodeIgniter\Debug\Exceptions->errorHandler(2, 'preg_match(): C...', 'C:\\Users\\Pichau...', 384)
#1 C:\Users\Pichau\Documents\codeigniter4-CodeIgniter4-202f41a\system\Router\Router.php(384): preg_match('#^formEditarPro...', 'formEditarProdu...', Array)
#2 C:\Users\Pichau\Documents\codeigniter4-CodeIgniter4-202f41a\system\Router\Router.php(154): CodeIgniter\Router\Router->checkRoutes('formEditarProdu...')
#3 C:\Users\Pichau\Documents\codeigniter4-CodeIgniter4-202f41a\system\CodeIgniter.php(726): CodeIgniter\Router\Router->handle('formEditarProdu...')
#4 C:\Users\Pichau\Documents\codeigniter4-CodeIgniter4-202f41a\system\CodeIgniter.php(368): CodeIgniter\CodeIgniter->tryToRouteIt(Object(CodeIgniter\Router\RouteCollection))
#5 C:\Users\Pichau\Documents\codeigniter4-CodeIgniter4-202f41a\system\CodeIgniter.php(326): CodeIgniter\CodeIgniter->handleRequest(NULL, Object(Config\Cache), false)
#6 C:\Users\Pichau\Documents\codeigniter4-CodeIgniter4-202f41a\public\index.php(37): CodeIgniter\CodeIgniter->run()
#7 C:\Users\Pichau\Documents\codeigniter4-CodeIgniter4-202f41a\system\Commands\Server\rewrite.php(43): require_once('C:\\Users\\Pichau...')
#8 {main}
CRITICAL - 2022-05-14 11:03:06 --> preg_match(): Compilation failed: unmatched closing parenthesis at offset 18
#0 [internal function]: CodeIgniter\Debug\Exceptions->errorHandler(2, 'preg_match(): C...', 'C:\\Users\\Pichau...', 384)
#1 C:\Users\Pichau\Documents\codeigniter4-CodeIgniter4-202f41a\system\Router\Router.php(384): preg_match('#^formEditarPro...', 'descricaoDoProd...', Array)
#2 C:\Users\Pichau\Documents\codeigniter4-CodeIgniter4-202f41a\system\Router\Router.php(154): CodeIgniter\Router\Router->checkRoutes('descricaoDoProd...')
#3 C:\Users\Pichau\Documents\codeigniter4-CodeIgniter4-202f41a\system\CodeIgniter.php(726): CodeIgniter\Router\Router->handle('descricaoDoProd...')
#4 C:\Users\Pichau\Documents\codeigniter4-CodeIgniter4-202f41a\system\CodeIgniter.php(368): CodeIgniter\CodeIgniter->tryToRouteIt(Object(CodeIgniter\Router\RouteCollection))
#5 C:\Users\Pichau\Documents\codeigniter4-CodeIgniter4-202f41a\system\CodeIgniter.php(326): CodeIgniter\CodeIgniter->handleRequest(NULL, Object(Config\Cache), false)
#6 C:\Users\Pichau\Documents\codeigniter4-CodeIgniter4-202f41a\public\index.php(37): CodeIgniter\CodeIgniter->run()
#7 C:\Users\Pichau\Documents\codeigniter4-CodeIgniter4-202f41a\system\Commands\Server\rewrite.php(43): require_once('C:\\Users\\Pichau...')
#8 {main}
CRITICAL - 2022-05-14 11:03:08 --> preg_match(): Compilation failed: unmatched closing parenthesis at offset 18
#0 [internal function]: CodeIgniter\Debug\Exceptions->errorHandler(2, 'preg_match(): C...', 'C:\\Users\\Pichau...', 384)
#1 C:\Users\Pichau\Documents\codeigniter4-CodeIgniter4-202f41a\system\Router\Router.php(384): preg_match('#^formEditarPro...', 'formEditarProdu...', Array)
#2 C:\Users\Pichau\Documents\codeigniter4-CodeIgniter4-202f41a\system\Router\Router.php(154): CodeIgniter\Router\Router->checkRoutes('formEditarProdu...')
#3 C:\Users\Pichau\Documents\codeigniter4-CodeIgniter4-202f41a\system\CodeIgniter.php(726): CodeIgniter\Router\Router->handle('formEditarProdu...')
#4 C:\Users\Pichau\Documents\codeigniter4-CodeIgniter4-202f41a\system\CodeIgniter.php(368): CodeIgniter\CodeIgniter->tryToRouteIt(Object(CodeIgniter\Router\RouteCollection))
#5 C:\Users\Pichau\Documents\codeigniter4-CodeIgniter4-202f41a\system\CodeIgniter.php(326): CodeIgniter\CodeIgniter->handleRequest(NULL, Object(Config\Cache), false)
#6 C:\Users\Pichau\Documents\codeigniter4-CodeIgniter4-202f41a\public\index.php(37): CodeIgniter\CodeIgniter->run()
#7 C:\Users\Pichau\Documents\codeigniter4-CodeIgniter4-202f41a\system\Commands\Server\rewrite.php(43): require_once('C:\\Users\\Pichau...')
#8 {main}
CRITICAL - 2022-05-14 11:10:59 --> Undefined variable $data
#0 C:\Users\Pichau\Documents\codeigniter4-CodeIgniter4-202f41a\app\Views\formEditarCliente.php(76): CodeIgniter\Debug\Exceptions->errorHandler(2, 'Undefined varia...', 'C:\\Users\\Pichau...', 76)
#1 C:\Users\Pichau\Documents\codeigniter4-CodeIgniter4-202f41a\system\View\View.php(210): include('C:\\Users\\Pichau...')
#2 C:\Users\Pichau\Documents\codeigniter4-CodeIgniter4-202f41a\system\View\View.php(213): CodeIgniter\View\View->CodeIgniter\View\{closure}()
#3 C:\Users\Pichau\Documents\codeigniter4-CodeIgniter4-202f41a\system\Common.php(1089): CodeIgniter\View\View->render('formEditarClien...', Array, true)
#4 C:\Users\Pichau\Documents\codeigniter4-CodeIgniter4-202f41a\app\Controllers\Home.php(327): view('formEditarClien...', Array)
#5 C:\Users\Pichau\Documents\codeigniter4-CodeIgniter4-202f41a\system\CodeIgniter.php(832): App\Controllers\Home->mostraEditarCliente('123456789')
#6 C:\Users\Pichau\Documents\codeigniter4-CodeIgniter4-202f41a\system\CodeIgniter.php(419): CodeIgniter\CodeIgniter->runController(Object(App\Controllers\Home))
#7 C:\Users\Pichau\Documents\codeigniter4-CodeIgniter4-202f41a\system\CodeIgniter.php(326): CodeIgniter\CodeIgniter->handleRequest(NULL, Object(Config\Cache), false)
#8 C:\Users\Pichau\Documents\codeigniter4-CodeIgniter4-202f41a\public\index.php(37): CodeIgniter\CodeIgniter->run()
#9 C:\Users\Pichau\Documents\codeigniter4-CodeIgniter4-202f41a\system\Commands\Server\rewrite.php(43): require_once('C:\\Users\\Pichau...')
#10 {main}
CRITICAL - 2022-05-14 11:15:52 --> Undefined variable $data
#0 C:\Users\Pichau\Documents\codeigniter4-CodeIgniter4-202f41a\app\Views\formEditarCliente.php(76): CodeIgniter\Debug\Exceptions->errorHandler(2, 'Undefined varia...', 'C:\\Users\\Pichau...', 76)
#1 C:\Users\Pichau\Documents\codeigniter4-CodeIgniter4-202f41a\system\View\View.php(210): include('C:\\Users\\Pichau...')
#2 C:\Users\Pichau\Documents\codeigniter4-CodeIgniter4-202f41a\system\View\View.php(213): CodeIgniter\View\View->CodeIgniter\View\{closure}()
#3 C:\Users\Pichau\Documents\codeigniter4-CodeIgniter4-202f41a\system\Common.php(1089): CodeIgniter\View\View->render('formEditarClien...', Array, true)
#4 C:\Users\Pichau\Documents\codeigniter4-CodeIgniter4-202f41a\app\Controllers\Home.php(328): view('formEditarClien...', Array)
#5 C:\Users\Pichau\Documents\codeigniter4-CodeIgniter4-202f41a\system\CodeIgniter.php(832): App\Controllers\Home->mostraEditarCliente('123456789')
#6 C:\Users\Pichau\Documents\codeigniter4-CodeIgniter4-202f41a\system\CodeIgniter.php(419): CodeIgniter\CodeIgniter->runController(Object(App\Controllers\Home))
#7 C:\Users\Pichau\Documents\codeigniter4-CodeIgniter4-202f41a\system\CodeIgniter.php(326): CodeIgniter\CodeIgniter->handleRequest(NULL, Object(Config\Cache), false)
#8 C:\Users\Pichau\Documents\codeigniter4-CodeIgniter4-202f41a\public\index.php(37): CodeIgniter\CodeIgniter->run()
#9 C:\Users\Pichau\Documents\codeigniter4-CodeIgniter4-202f41a\system\Commands\Server\rewrite.php(43): require_once('C:\\Users\\Pichau...')
#10 {main}
CRITICAL - 2022-05-14 14:58:12 --> CodeIgniter\Database\BaseBuilder::get(): Argument #1 ($limit) must be of type ?int, string given, called in C:\Users\Pichau\Documents\codeigniter4-CodeIgniter4-202f41a\app\Models\ProductsModel.php on line 43
#0 C:\Users\Pichau\Documents\codeigniter4-CodeIgniter4-202f41a\app\Models\ProductsModel.php(43): CodeIgniter\Database\BaseBuilder->get('produto')
#1 C:\Users\Pichau\Documents\codeigniter4-CodeIgniter4-202f41a\app\Controllers\Home.php(78): App\Models\ProductsModel->getProductsSearch(Array, 'oi')
#2 C:\Users\Pichau\Documents\codeigniter4-CodeIgniter4-202f41a\system\CodeIgniter.php(832): App\Controllers\Home->pesquisar()
#3 C:\Users\Pichau\Documents\codeigniter4-CodeIgniter4-202f41a\system\CodeIgniter.php(419): CodeIgniter\CodeIgniter->runController(Object(App\Controllers\Home))
#4 C:\Users\Pichau\Documents\codeigniter4-CodeIgniter4-202f41a\system\CodeIgniter.php(326): CodeIgniter\CodeIgniter->handleRequest(NULL, Object(Config\Cache), false)
#5 C:\Users\Pichau\Documents\codeigniter4-CodeIgniter4-202f41a\public\index.php(37): CodeIgniter\CodeIgniter->run()
#6 C:\Users\Pichau\Documents\codeigniter4-CodeIgniter4-202f41a\system\Commands\Server\rewrite.php(43): require_once('C:\\Users\\Pichau...')
#7 {main}
CRITICAL - 2022-05-14 14:59:09 --> Call to undefined method CodeIgniter\Database\MySQLi\Builder::first()
#0 C:\Users\Pichau\Documents\codeigniter4-CodeIgniter4-202f41a\app\Controllers\Home.php(78): App\Models\ProductsModel->getProductsSearch(Array, 'oi')
#1 C:\Users\Pichau\Documents\codeigniter4-CodeIgniter4-202f41a\system\CodeIgniter.php(832): App\Controllers\Home->pesquisar()
#2 C:\Users\Pichau\Documents\codeigniter4-CodeIgniter4-202f41a\system\CodeIgniter.php(419): CodeIgniter\CodeIgniter->runController(Object(App\Controllers\Home))
#3 C:\Users\Pichau\Documents\codeigniter4-CodeIgniter4-202f41a\system\CodeIgniter.php(326): CodeIgniter\CodeIgniter->handleRequest(NULL, Object(Config\Cache), false)
#4 C:\Users\Pichau\Documents\codeigniter4-CodeIgniter4-202f41a\public\index.php(37): CodeIgniter\CodeIgniter->run()
#5 C:\Users\Pichau\Documents\codeigniter4-CodeIgniter4-202f41a\system\Commands\Server\rewrite.php(43): require_once('C:\\Users\\Pichau...')
#6 {main}
ERROR - 2022-05-14 15:02:08 --> Table 'gamerspace.books' doesn't exist
ERROR - 2022-05-14 15:02:43 --> Not unique table/alias: 'produto'
ERROR - 2022-05-14 15:03:23 --> Not unique table/alias: 'produto'
ERROR - 2022-05-14 15:04:02 --> Not unique table/alias: 'produto'
CRITICAL - 2022-05-14 15:04:02 --> Call to a member function getResultArray() on bool
#0 C:\Users\Pichau\Documents\codeigniter4-CodeIgniter4-202f41a\app\Controllers\Home.php(78): App\Models\ProductsModel->getProductsSearch(Array, 'oi')
#1 C:\Users\Pichau\Documents\codeigniter4-CodeIgniter4-202f41a\system\CodeIgniter.php(832): App\Controllers\Home->pesquisar()
#2 C:\Users\Pichau\Documents\codeigniter4-CodeIgniter4-202f41a\system\CodeIgniter.php(419): CodeIgniter\CodeIgniter->runController(Object(App\Controllers\Home))
#3 C:\Users\Pichau\Documents\codeigniter4-CodeIgniter4-202f41a\system\CodeIgniter.php(326): CodeIgniter\CodeIgniter->handleRequest(NULL, Object(Config\Cache), false)
#4 C:\Users\Pichau\Documents\codeigniter4-CodeIgniter4-202f41a\public\index.php(37): CodeIgniter\CodeIgniter->run()
#5 C:\Users\Pichau\Documents\codeigniter4-CodeIgniter4-202f41a\system\Commands\Server\rewrite.php(43): require_once('C:\\Users\\Pichau...')
#6 {main}
CRITICAL - 2022-05-14 15:06:17 --> Object of class CodeIgniter\Database\MySQLi\Connection could not be converted to string
#0 C:\Users\Pichau\Documents\codeigniter4-CodeIgniter4-202f41a\app\Controllers\Home.php(78): App\Models\ProductsModel->getProductsSearch(Array, 'oi')
#1 C:\Users\Pichau\Documents\codeigniter4-CodeIgniter4-202f41a\system\CodeIgniter.php(832): App\Controllers\Home->pesquisar()
#2 C:\Users\Pichau\Documents\codeigniter4-CodeIgniter4-202f41a\system\CodeIgniter.php(419): CodeIgniter\CodeIgniter->runController(Object(App\Controllers\Home))
#3 C:\Users\Pichau\Documents\codeigniter4-CodeIgniter4-202f41a\system\CodeIgniter.php(326): CodeIgniter\CodeIgniter->handleRequest(NULL, Object(Config\Cache), false)
#4 C:\Users\Pichau\Documents\codeigniter4-CodeIgniter4-202f41a\public\index.php(37): CodeIgniter\CodeIgniter->run()
#5 C:\Users\Pichau\Documents\codeigniter4-CodeIgniter4-202f41a\system\Commands\Server\rewrite.php(43): require_once('C:\\Users\\Pichau...')
#6 {main}
CRITICAL - 2022-05-14 15:07:00 --> Object of class CodeIgniter\Database\MySQLi\Connection could not be converted to string
#0 C:\Users\Pichau\Documents\codeigniter4-CodeIgniter4-202f41a\app\Controllers\Home.php(78): App\Models\ProductsModel->getProductsSearch(Array, 'oi')
#1 C:\Users\Pichau\Documents\codeigniter4-CodeIgniter4-202f41a\system\CodeIgniter.php(832): App\Controllers\Home->pesquisar()
#2 C:\Users\Pichau\Documents\codeigniter4-CodeIgniter4-202f41a\system\CodeIgniter.php(419): CodeIgniter\CodeIgniter->runController(Object(App\Controllers\Home))
#3 C:\Users\Pichau\Documents\codeigniter4-CodeIgniter4-202f41a\system\CodeIgniter.php(326): CodeIgniter\CodeIgniter->handleRequest(NULL, Object(Config\Cache), false)
#4 C:\Users\Pichau\Documents\codeigniter4-CodeIgniter4-202f41a\public\index.php(37): CodeIgniter\CodeIgniter->run()
#5 C:\Users\Pichau\Documents\codeigniter4-CodeIgniter4-202f41a\system\Commands\Server\rewrite.php(43): require_once('C:\\Users\\Pichau...')
#6 {main}
CRITICAL - 2022-05-14 15:13:56 --> CodeIgniter\Database\BaseBuilder::like(): Argument #2 ($match) must be of type string, null given, called in C:\Users\Pichau\Documents\codeigniter4-CodeIgniter4-202f41a\app\Models\ProductsModel.php on line 45
#0 C:\Users\Pichau\Documents\codeigniter4-CodeIgniter4-202f41a\app\Models\ProductsModel.php(45): CodeIgniter\Database\BaseBuilder->like('nome', NULL)
#1 C:\Users\Pichau\Documents\codeigniter4-CodeIgniter4-202f41a\app\Controllers\Home.php(81): App\Models\ProductsModel->getProductsSearch(NULL)
#2 C:\Users\Pichau\Documents\codeigniter4-CodeIgniter4-202f41a\system\CodeIgniter.php(832): App\Controllers\Home->pesquisar()
#3 C:\Users\Pichau\Documents\codeigniter4-CodeIgniter4-202f41a\system\CodeIgniter.php(419): CodeIgniter\CodeIgniter->runController(Object(App\Controllers\Home))
#4 C:\Users\Pichau\Documents\codeigniter4-CodeIgniter4-202f41a\system\CodeIgniter.php(326): CodeIgniter\CodeIgniter->handleRequest(NULL, Object(Config\Cache), false)
#5 C:\Users\Pichau\Documents\codeigniter4-CodeIgniter4-202f41a\public\index.php(37): CodeIgniter\CodeIgniter->run()
#6 C:\Users\Pichau\Documents\codeigniter4-CodeIgniter4-202f41a\system\Commands\Server\rewrite.php(43): require_once('C:\\Users\\Pichau...')
#7 {main}
CRITICAL - 2022-05-14 15:43:30 --> Array to string conversion
#0 C:\Users\Pichau\Documents\codeigniter4-CodeIgniter4-202f41a\app\Controllers\Home.php(344): CodeIgniter\Debug\Exceptions->errorHandler(2, 'Array to string...', 'C:\\Users\\Pichau...', 344)
#1 C:\Users\Pichau\Documents\codeigniter4-CodeIgniter4-202f41a\system\CodeIgniter.php(832): App\Controllers\Home->mostraRankings()
#2 C:\Users\Pichau\Documents\codeigniter4-CodeIgniter4-202f41a\system\CodeIgniter.php(419): CodeIgniter\CodeIgniter->runController(Object(App\Controllers\Home))
#3 C:\Users\Pichau\Documents\codeigniter4-CodeIgniter4-202f41a\system\CodeIgniter.php(326): CodeIgniter\CodeIgniter->handleRequest(NULL, Object(Config\Cache), false)
#4 C:\Users\Pichau\Documents\codeigniter4-CodeIgniter4-202f41a\public\index.php(37): CodeIgniter\CodeIgniter->run()
#5 C:\Users\Pichau\Documents\codeigniter4-CodeIgniter4-202f41a\system\Commands\Server\rewrite.php(43): require_once('C:\\Users\\Pichau...')
#6 {main}
CRITICAL - 2022-05-14 15:43:39 --> Array to string conversion
#0 C:\Users\Pichau\Documents\codeigniter4-CodeIgniter4-202f41a\app\Controllers\Home.php(344): CodeIgniter\Debug\Exceptions->errorHandler(2, 'Array to string...', 'C:\\Users\\Pichau...', 344)
#1 C:\Users\Pichau\Documents\codeigniter4-CodeIgniter4-202f41a\system\CodeIgniter.php(832): App\Controllers\Home->mostraRankings()
#2 C:\Users\Pichau\Documents\codeigniter4-CodeIgniter4-202f41a\system\CodeIgniter.php(419): CodeIgniter\CodeIgniter->runController(Object(App\Controllers\Home))
#3 C:\Users\Pichau\Documents\codeigniter4-CodeIgniter4-202f41a\system\CodeIgniter.php(326): CodeIgniter\CodeIgniter->handleRequest(NULL, Object(Config\Cache), false)
#4 C:\Users\Pichau\Documents\codeigniter4-CodeIgniter4-202f41a\public\index.php(37): CodeIgniter\CodeIgniter->run()
#5 C:\Users\Pichau\Documents\codeigniter4-CodeIgniter4-202f41a\system\Commands\Server\rewrite.php(43): require_once('C:\\Users\\Pichau...')
#6 {main}
CRITICAL - 2022-05-14 15:55:42 --> Array to string conversion
#0 C:\Users\Pichau\Documents\codeigniter4-CodeIgniter4-202f41a\app\Views\rankings.php(111): CodeIgniter\Debug\Exceptions->errorHandler(2, 'Array to string...', 'C:\\Users\\Pichau...', 111)
#1 C:\Users\Pichau\Documents\codeigniter4-CodeIgniter4-202f41a\system\View\View.php(210): include('C:\\Users\\Pichau...')
#2 C:\Users\Pichau\Documents\codeigniter4-CodeIgniter4-202f41a\system\View\View.php(213): CodeIgniter\View\View->CodeIgniter\View\{closure}()
#3 C:\Users\Pichau\Documents\codeigniter4-CodeIgniter4-202f41a\system\Common.php(1089): CodeIgniter\View\View->render('/rankings', Array, true)
#4 C:\Users\Pichau\Documents\codeigniter4-CodeIgniter4-202f41a\app\Controllers\Home.php(344): view('/rankings', Array)
#5 C:\Users\Pichau\Documents\codeigniter4-CodeIgniter4-202f41a\system\CodeIgniter.php(832): App\Controllers\Home->mostraRankings()
#6 C:\Users\Pichau\Documents\codeigniter4-CodeIgniter4-202f41a\system\CodeIgniter.php(419): CodeIgniter\CodeIgniter->runController(Object(App\Controllers\Home))
#7 C:\Users\Pichau\Documents\codeigniter4-CodeIgniter4-202f41a\system\CodeIgniter.php(326): CodeIgniter\CodeIgniter->handleRequest(NULL, Object(Config\Cache), false)
#8 C:\Users\Pichau\Documents\codeigniter4-CodeIgniter4-202f41a\public\index.php(37): CodeIgniter\CodeIgniter->run()
#9 C:\Users\Pichau\Documents\codeigniter4-CodeIgniter4-202f41a\system\Commands\Server\rewrite.php(43): require_once('C:\\Users\\Pichau...')
#10 {main}
CRITICAL - 2022-05-14 15:56:10 --> Undefined array key "nome"
#0 C:\Users\Pichau\Documents\codeigniter4-CodeIgniter4-202f41a\app\Controllers\Home.php(344): CodeIgniter\Debug\Exceptions->errorHandler(2, 'Undefined array...', 'C:\\Users\\Pichau...', 344)
#1 C:\Users\Pichau\Documents\codeigniter4-CodeIgniter4-202f41a\system\CodeIgniter.php(832): App\Controllers\Home->mostraRankings()
#2 C:\Users\Pichau\Documents\codeigniter4-CodeIgniter4-202f41a\system\CodeIgniter.php(419): CodeIgniter\CodeIgniter->runController(Object(App\Controllers\Home))
#3 C:\Users\Pichau\Documents\codeigniter4-CodeIgniter4-202f41a\system\CodeIgniter.php(326): CodeIgniter\CodeIgniter->handleRequest(NULL, Object(Config\Cache), false)
#4 C:\Users\Pichau\Documents\codeigniter4-CodeIgniter4-202f41a\public\index.php(37): CodeIgniter\CodeIgniter->run()
#5 C:\Users\Pichau\Documents\codeigniter4-CodeIgniter4-202f41a\system\Commands\Server\rewrite.php(43): require_once('C:\\Users\\Pichau...')
#6 {main}
CRITICAL - 2022-05-14 15:56:36 --> Undefined array key "produto"
#0 C:\Users\Pichau\Documents\codeigniter4-CodeIgniter4-202f41a\app\Controllers\Home.php(344): CodeIgniter\Debug\Exceptions->errorHandler(2, 'Undefined array...', 'C:\\Users\\Pichau...', 344)
#1 C:\Users\Pichau\Documents\codeigniter4-CodeIgniter4-202f41a\system\CodeIgniter.php(832): App\Controllers\Home->mostraRankings()
#2 C:\Users\Pichau\Documents\codeigniter4-CodeIgniter4-202f41a\system\CodeIgniter.php(419): CodeIgniter\CodeIgniter->runController(Object(App\Controllers\Home))
#3 C:\Users\Pichau\Documents\codeigniter4-CodeIgniter4-202f41a\system\CodeIgniter.php(326): CodeIgniter\CodeIgniter->handleRequest(NULL, Object(Config\Cache), false)
#4 C:\Users\Pichau\Documents\codeigniter4-CodeIgniter4-202f41a\public\index.php(37): CodeIgniter\CodeIgniter->run()
#5 C:\Users\Pichau\Documents\codeigniter4-CodeIgniter4-202f41a\system\Commands\Server\rewrite.php(43): require_once('C:\\Users\\Pichau...')
#6 {main}
CRITICAL - 2022-05-14 15:58:07 --> Undefined variable $maiorCaro
#0 C:\Users\Pichau\Documents\codeigniter4-CodeIgniter4-202f41a\app\Views\rankings.php(117): CodeIgniter\Debug\Exceptions->errorHandler(2, 'Undefined varia...', 'C:\\Users\\Pichau...', 117)
#1 C:\Users\Pichau\Documents\codeigniter4-CodeIgniter4-202f41a\system\View\View.php(210): include('C:\\Users\\Pichau...')
#2 C:\Users\Pichau\Documents\codeigniter4-CodeIgniter4-202f41a\system\View\View.php(213): CodeIgniter\View\View->CodeIgniter\View\{closure}()
#3 C:\Users\Pichau\Documents\codeigniter4-CodeIgniter4-202f41a\system\Common.php(1089): CodeIgniter\View\View->render('/rankings', Array, true)
#4 C:\Users\Pichau\Documents\codeigniter4-CodeIgniter4-202f41a\app\Controllers\Home.php(344): view('/rankings', Array)
#5 C:\Users\Pichau\Documents\codeigniter4-CodeIgniter4-202f41a\system\CodeIgniter.php(832): App\Controllers\Home->mostraRankings()
#6 C:\Users\Pichau\Documents\codeigniter4-CodeIgniter4-202f41a\system\CodeIgniter.php(419): CodeIgniter\CodeIgniter->runController(Object(App\Controllers\Home))
#7 C:\Users\Pichau\Documents\codeigniter4-CodeIgniter4-202f41a\system\CodeIgniter.php(326): CodeIgniter\CodeIgniter->handleRequest(NULL, Object(Config\Cache), false)
#8 C:\Users\Pichau\Documents\codeigniter4-CodeIgniter4-202f41a\public\index.php(37): CodeIgniter\CodeIgniter->run()
#9 C:\Users\Pichau\Documents\codeigniter4-CodeIgniter4-202f41a\system\Commands\Server\rewrite.php(43): require_once('C:\\Users\\Pichau...')
#10 {main}
CRITICAL - 2022-05-14 17:27:02 --> Undefined variable $categorias
#0 C:\Users\Pichau\Documents\codeigniter4-CodeIgniter4-202f41a\app\Views\formCadastrarProduto.php(111): CodeIgniter\Debug\Exceptions->errorHandler(2, 'Undefined varia...', 'C:\\Users\\Pichau...', 111)
#1 C:\Users\Pichau\Documents\codeigniter4-CodeIgniter4-202f41a\system\View\View.php(210): include('C:\\Users\\Pichau...')
#2 C:\Users\Pichau\Documents\codeigniter4-CodeIgniter4-202f41a\system\View\View.php(213): CodeIgniter\View\View->CodeIgniter\View\{closure}()
#3 C:\Users\Pichau\Documents\codeigniter4-CodeIgniter4-202f41a\system\Common.php(1089): CodeIgniter\View\View->render('formCadastrarPr...', Array, true)
#4 C:\Users\Pichau\Documents\codeigniter4-CodeIgniter4-202f41a\app\Controllers\Home.php(170): view('formCadastrarPr...', Array)
#5 C:\Users\Pichau\Documents\codeigniter4-CodeIgniter4-202f41a\system\CodeIgniter.php(832): App\Controllers\Home->cadastrarProduto()
#6 C:\Users\Pichau\Documents\codeigniter4-CodeIgniter4-202f41a\system\CodeIgniter.php(419): CodeIgniter\CodeIgniter->runController(Object(App\Controllers\Home))
#7 C:\Users\Pichau\Documents\codeigniter4-CodeIgniter4-202f41a\system\CodeIgniter.php(326): CodeIgniter\CodeIgniter->handleRequest(NULL, Object(Config\Cache), false)
#8 C:\Users\Pichau\Documents\codeigniter4-CodeIgniter4-202f41a\public\index.php(37): CodeIgniter\CodeIgniter->run()
#9 C:\Users\Pichau\Documents\codeigniter4-CodeIgniter4-202f41a\system\Commands\Server\rewrite.php(43): require_once('C:\\Users\\Pichau...')
#10 {main}
ERROR - 2022-05-14 17:28:38 --> Column 'categoria' cannot be null
ERROR - 2022-05-14 17:28:38 --> Column 'categoria' cannot be null
CRITICAL - 2022-05-14 17:30:56 --> syntax error, unexpected token "}"
#0 C:\Users\Pichau\Documents\codeigniter4-CodeIgniter4-202f41a\system\Autoloader\Autoloader.php(241): CodeIgniter\Autoloader\Autoloader->includeFile('C:\\Users\\Pichau...')
#1 C:\Users\Pichau\Documents\codeigniter4-CodeIgniter4-202f41a\system\Autoloader\Autoloader.php(219): CodeIgniter\Autoloader\Autoloader->loadInNamespace('App\\Controllers...')
#2 [internal function]: CodeIgniter\Autoloader\Autoloader->loadClass('App\\Controllers...')
#3 C:\Users\Pichau\Documents\codeigniter4-CodeIgniter4-202f41a\system\CodeIgniter.php(797): class_exists('\\App\\Controller...', true)
#4 C:\Users\Pichau\Documents\codeigniter4-CodeIgniter4-202f41a\system\CodeIgniter.php(406): CodeIgniter\CodeIgniter->startController()
#5 C:\Users\Pichau\Documents\codeigniter4-CodeIgniter4-202f41a\system\CodeIgniter.php(326): CodeIgniter\CodeIgniter->handleRequest(NULL, Object(Config\Cache), false)
#6 C:\Users\Pichau\Documents\codeigniter4-CodeIgniter4-202f41a\public\index.php(37): CodeIgniter\CodeIgniter->run()
#7 C:\Users\Pichau\Documents\codeigniter4-CodeIgniter4-202f41a\system\Commands\Server\rewrite.php(43): require_once('C:\\Users\\Pichau...')
#8 {main}
ERROR - 2022-05-14 17:31:23 --> Column 'categoria' cannot be null
ERROR - 2022-05-14 17:31:23 --> Column 'categoria' cannot be null
