CRITICAL - 2022-05-10 23:25:20 --> The framework needs the following extension(s) installed and loaded: curl, intl.
#0 C:\Users\Pichau\Documents\codeigniter4-CodeIgniter4-202f41a\system\CodeIgniter.php(219): CodeIgniter\Exceptions\FrameworkException::forMissingExtension('curl, intl')
#1 C:\Users\Pichau\Documents\codeigniter4-CodeIgniter4-202f41a\system\CodeIgniter.php(177): CodeIgniter\CodeIgniter->resolvePlatformExtensions()
#2 C:\Users\Pichau\Documents\codeigniter4-CodeIgniter4-202f41a\system\bootstrap.php(146): CodeIgniter\CodeIgniter->initialize()
#3 C:\Users\Pichau\Documents\codeigniter4-CodeIgniter4-202f41a\spark(45): require('C:\\Users\\Pichau...')
#4 {main}
CRITICAL - 2022-05-10 23:33:11 --> The framework needs the following extension(s) installed and loaded: curl, intl.
#0 C:\Users\Pichau\Documents\codeigniter4-CodeIgniter4-202f41a\system\CodeIgniter.php(219): CodeIgniter\Exceptions\FrameworkException::forMissingExtension('curl, intl')
#1 C:\Users\Pichau\Documents\codeigniter4-CodeIgniter4-202f41a\system\CodeIgniter.php(177): CodeIgniter\CodeIgniter->resolvePlatformExtensions()
#2 C:\Users\Pichau\Documents\codeigniter4-CodeIgniter4-202f41a\system\bootstrap.php(146): CodeIgniter\CodeIgniter->initialize()
#3 C:\Users\Pichau\Documents\codeigniter4-CodeIgniter4-202f41a\spark(45): require('C:\\Users\\Pichau...')
#4 {main}
CRITICAL - 2022-05-10 23:35:23 --> The framework needs the following extension(s) installed and loaded: curl, intl.
#0 C:\Users\Pichau\Documents\codeigniter4-CodeIgniter4-202f41a\system\CodeIgniter.php(219): CodeIgniter\Exceptions\FrameworkException::forMissingExtension('curl, intl')
#1 C:\Users\Pichau\Documents\codeigniter4-CodeIgniter4-202f41a\system\CodeIgniter.php(177): CodeIgniter\CodeIgniter->resolvePlatformExtensions()
#2 C:\Users\Pichau\Documents\codeigniter4-CodeIgniter4-202f41a\system\bootstrap.php(146): CodeIgniter\CodeIgniter->initialize()
#3 C:\Users\Pichau\Documents\codeigniter4-CodeIgniter4-202f41a\spark(45): require('C:\\Users\\Pichau...')
#4 {main}
CRITICAL - 2022-05-10 23:37:22 --> The framework needs the following extension(s) installed and loaded: curl, intl.
#0 C:\Users\Pichau\Documents\codeigniter4-CodeIgniter4-202f41a\system\CodeIgniter.php(219): CodeIgniter\Exceptions\FrameworkException::forMissingExtension('curl, intl')
#1 C:\Users\Pichau\Documents\codeigniter4-CodeIgniter4-202f41a\system\CodeIgniter.php(177): CodeIgniter\CodeIgniter->resolvePlatformExtensions()
#2 C:\Users\Pichau\Documents\codeigniter4-CodeIgniter4-202f41a\system\bootstrap.php(146): CodeIgniter\CodeIgniter->initialize()
#3 C:\Users\Pichau\Documents\codeigniter4-CodeIgniter4-202f41a\spark(45): require('C:\\Users\\Pichau...')
#4 {main}
CRITICAL - 2022-05-10 23:50:31 --> The framework needs the following extension(s) installed and loaded: curl, intl.
#0 C:\Users\Pichau\Documents\codeigniter4-CodeIgniter4-202f41a\system\CodeIgniter.php(219): CodeIgniter\Exceptions\FrameworkException::forMissingExtension('curl, intl')
#1 C:\Users\Pichau\Documents\codeigniter4-CodeIgniter4-202f41a\system\CodeIgniter.php(177): CodeIgniter\CodeIgniter->resolvePlatformExtensions()
#2 C:\Users\Pichau\Documents\codeigniter4-CodeIgniter4-202f41a\system\bootstrap.php(146): CodeIgniter\CodeIgniter->initialize()
#3 C:\Users\Pichau\Documents\codeigniter4-CodeIgniter4-202f41a\spark(45): require('C:\\Users\\Pichau...')
#4 {main}
CRITICAL - 2022-05-10 23:54:48 --> The framework needs the following extension(s) installed and loaded: curl, intl.
#0 C:\Users\Pichau\Documents\codeigniter4-CodeIgniter4-202f41a\system\CodeIgniter.php(219): CodeIgniter\Exceptions\FrameworkException::forMissingExtension('curl, intl')
#1 C:\Users\Pichau\Documents\codeigniter4-CodeIgniter4-202f41a\system\CodeIgniter.php(177): CodeIgniter\CodeIgniter->resolvePlatformExtensions()
#2 C:\Users\Pichau\Documents\codeigniter4-CodeIgniter4-202f41a\system\bootstrap.php(146): CodeIgniter\CodeIgniter->initialize()
#3 C:\Users\Pichau\Documents\codeigniter4-CodeIgniter4-202f41a\spark(45): require('C:\\Users\\Pichau...')
#4 {main}
CRITICAL - 2022-05-10 23:57:40 --> The framework needs the following extension(s) installed and loaded: curl, intl.
#0 C:\Users\Pichau\Documents\codeigniter4-CodeIgniter4-202f41a\system\CodeIgniter.php(219): CodeIgniter\Exceptions\FrameworkException::forMissingExtension('curl, intl')
#1 C:\Users\Pichau\Documents\codeigniter4-CodeIgniter4-202f41a\system\CodeIgniter.php(177): CodeIgniter\CodeIgniter->resolvePlatformExtensions()
#2 C:\Users\Pichau\Documents\codeigniter4-CodeIgniter4-202f41a\system\bootstrap.php(146): CodeIgniter\CodeIgniter->initialize()
#3 C:\Users\Pichau\Documents\codeigniter4-CodeIgniter4-202f41a\spark(45): require('C:\\Users\\Pichau...')
#4 {main}
CRITICAL - 2022-05-10 23:59:32 --> The framework needs the following extension(s) installed and loaded: curl, intl.
#0 C:\xampp\htdocs\codeigniter4-CodeIgniter4-202f41a\system\CodeIgniter.php(219): CodeIgniter\Exceptions\FrameworkException::forMissingExtension('curl, intl')
#1 C:\xampp\htdocs\codeigniter4-CodeIgniter4-202f41a\system\CodeIgniter.php(177): CodeIgniter\CodeIgniter->resolvePlatformExtensions()
#2 C:\xampp\htdocs\codeigniter4-CodeIgniter4-202f41a\system\bootstrap.php(146): CodeIgniter\CodeIgniter->initialize()
#3 C:\xampp\htdocs\codeigniter4-CodeIgniter4-202f41a\spark(45): require('C:\\xampp\\htdocs...')
#4 {main}
