CRITICAL - 2022-05-12 08:05:05 --> Too few arguments to function App\Controllers\Home::updateProdutoToDB(), 0 passed in C:\Users\Pichau\Documents\codeigniter4-CodeIgniter4-202f41a\system\CodeIgniter.php on line 832 and exactly 1 expected
#0 C:\Users\Pichau\Documents\codeigniter4-CodeIgniter4-202f41a\system\CodeIgniter.php(832): App\Controllers\Home->updateProdutoToDB()
#1 C:\Users\Pichau\Documents\codeigniter4-CodeIgniter4-202f41a\system\CodeIgniter.php(419): CodeIgniter\CodeIgniter->runController(Object(App\Controllers\Home))
#2 C:\Users\Pichau\Documents\codeigniter4-CodeIgniter4-202f41a\system\CodeIgniter.php(326): CodeIgniter\CodeIgniter->handleRequest(NULL, Object(Config\Cache), false)
#3 C:\Users\Pichau\Documents\codeigniter4-CodeIgniter4-202f41a\public\index.php(37): CodeIgniter\CodeIgniter->run()
#4 C:\Users\Pichau\Documents\codeigniter4-CodeIgniter4-202f41a\system\Commands\Server\rewrite.php(43): require_once('C:\\Users\\Pichau...')
#5 {main}
CRITICAL - 2022-05-12 08:06:51 --> Undefined variable $id
#0 C:\Users\Pichau\Documents\codeigniter4-CodeIgniter4-202f41a\app\Controllers\Home.php(166): CodeIgniter\Debug\Exceptions->errorHandler(2, 'Undefined varia...', 'C:\\Users\\Pichau...', 166)
#1 C:\Users\Pichau\Documents\codeigniter4-CodeIgniter4-202f41a\system\CodeIgniter.php(832): App\Controllers\Home->updateProdutoToDB()
#2 C:\Users\Pichau\Documents\codeigniter4-CodeIgniter4-202f41a\system\CodeIgniter.php(419): CodeIgniter\CodeIgniter->runController(Object(App\Controllers\Home))
#3 C:\Users\Pichau\Documents\codeigniter4-CodeIgniter4-202f41a\system\CodeIgniter.php(326): CodeIgniter\CodeIgniter->handleRequest(NULL, Object(Config\Cache), false)
#4 C:\Users\Pichau\Documents\codeigniter4-CodeIgniter4-202f41a\public\index.php(37): CodeIgniter\CodeIgniter->run()
#5 C:\Users\Pichau\Documents\codeigniter4-CodeIgniter4-202f41a\system\Commands\Server\rewrite.php(43): require_once('C:\\Users\\Pichau...')
#6 {main}
ERROR - 2022-05-12 08:07:21 --> Cannot delete or update a parent row: a foreign key constraint fails (`gamerspace`.`categoriaproduto`, CONSTRAINT `categoriaproduto_ibfk_2` FOREIGN KEY (`produto`) REFERENCES `produto` (`id`))
ERROR - 2022-05-12 08:07:59 --> Cannot delete or update a parent row: a foreign key constraint fails (`gamerspace`.`categoriaproduto`, CONSTRAINT `categoriaproduto_ibfk_2` FOREIGN KEY (`produto`) REFERENCES `produto` (`id`))
ERROR - 2022-05-12 08:08:10 --> Cannot delete or update a parent row: a foreign key constraint fails (`gamerspace`.`categoriaproduto`, CONSTRAINT `categoriaproduto_ibfk_2` FOREIGN KEY (`produto`) REFERENCES `produto` (`id`))
ERROR - 2022-05-12 08:08:27 --> Cannot delete or update a parent row: a foreign key constraint fails (`gamerspace`.`categoriaproduto`, CONSTRAINT `categoriaproduto_ibfk_2` FOREIGN KEY (`produto`) REFERENCES `produto` (`id`))
ERROR - 2022-05-12 08:08:57 --> Cannot delete or update a parent row: a foreign key constraint fails (`gamerspace`.`categoriaproduto`, CONSTRAINT `categoriaproduto_ibfk_2` FOREIGN KEY (`produto`) REFERENCES `produto` (`id`))
CRITICAL - 2022-05-12 08:08:57 --> count(): Argument #1 ($value) must be of type Countable|array, string given
#0 C:\Users\Pichau\Documents\codeigniter4-CodeIgniter4-202f41a\app\Controllers\Home.php(173): count('2')
#1 C:\Users\Pichau\Documents\codeigniter4-CodeIgniter4-202f41a\system\CodeIgniter.php(832): App\Controllers\Home->updateProdutoToDB()
#2 C:\Users\Pichau\Documents\codeigniter4-CodeIgniter4-202f41a\system\CodeIgniter.php(419): CodeIgniter\CodeIgniter->runController(Object(App\Controllers\Home))
#3 C:\Users\Pichau\Documents\codeigniter4-CodeIgniter4-202f41a\system\CodeIgniter.php(326): CodeIgniter\CodeIgniter->handleRequest(NULL, Object(Config\Cache), false)
#4 C:\Users\Pichau\Documents\codeigniter4-CodeIgniter4-202f41a\public\index.php(37): CodeIgniter\CodeIgniter->run()
#5 C:\Users\Pichau\Documents\codeigniter4-CodeIgniter4-202f41a\system\Commands\Server\rewrite.php(43): require_once('C:\\Users\\Pichau...')
#6 {main}
ERROR - 2022-05-12 08:11:14 --> Cannot delete or update a parent row: a foreign key constraint fails (`gamerspace`.`categoriaproduto`, CONSTRAINT `categoriaproduto_ibfk_2` FOREIGN KEY (`produto`) REFERENCES `produto` (`id`))
CRITICAL - 2022-05-12 08:11:14 --> array_count_values(): Argument #1 ($array) must be of type array, string given
#0 C:\Users\Pichau\Documents\codeigniter4-CodeIgniter4-202f41a\app\Controllers\Home.php(173): array_count_values('2')
#1 C:\Users\Pichau\Documents\codeigniter4-CodeIgniter4-202f41a\system\CodeIgniter.php(832): App\Controllers\Home->updateProdutoToDB()
#2 C:\Users\Pichau\Documents\codeigniter4-CodeIgniter4-202f41a\system\CodeIgniter.php(419): CodeIgniter\CodeIgniter->runController(Object(App\Controllers\Home))
#3 C:\Users\Pichau\Documents\codeigniter4-CodeIgniter4-202f41a\system\CodeIgniter.php(326): CodeIgniter\CodeIgniter->handleRequest(NULL, Object(Config\Cache), false)
#4 C:\Users\Pichau\Documents\codeigniter4-CodeIgniter4-202f41a\public\index.php(37): CodeIgniter\CodeIgniter->run()
#5 C:\Users\Pichau\Documents\codeigniter4-CodeIgniter4-202f41a\system\Commands\Server\rewrite.php(43): require_once('C:\\Users\\Pichau...')
#6 {main}
ERROR - 2022-05-12 08:16:40 --> Cannot delete or update a parent row: a foreign key constraint fails (`gamerspace`.`categoriaproduto`, CONSTRAINT `categoriaproduto_ibfk_2` FOREIGN KEY (`produto`) REFERENCES `produto` (`id`))
CRITICAL - 2022-05-12 08:20:01 --> Cannot use isset() on the result of an expression (you can use "null !== expression" instead)
#0 [internal function]: CodeIgniter\Debug\Exceptions->shutdownHandler()
#1 {main}
ERROR - 2022-05-12 08:20:48 --> Cannot delete or update a parent row: a foreign key constraint fails (`gamerspace`.`categoriaproduto`, CONSTRAINT `categoriaproduto_ibfk_2` FOREIGN KEY (`produto`) REFERENCES `produto` (`id`))
ERROR - 2022-05-12 08:29:00 --> Cannot delete or update a parent row: a foreign key constraint fails (`gamerspace`.`categoriaproduto`, CONSTRAINT `categoriaproduto_ibfk_2` FOREIGN KEY (`produto`) REFERENCES `produto` (`id`))
ERROR - 2022-05-12 08:40:18 --> Cannot delete or update a parent row: a foreign key constraint fails (`gamerspace`.`categoriaproduto`, CONSTRAINT `categoriaproduto_ibfk_2` FOREIGN KEY (`produto`) REFERENCES `produto` (`id`))
ERROR - 2022-05-12 08:40:18 --> Cannot add or update a child row: a foreign key constraint fails (`gamerspace`.`categoriaproduto`, CONSTRAINT `categoriaproduto_ibfk_1` FOREIGN KEY (`categoria`) REFERENCES `categoria` (`id`))
ERROR - 2022-05-12 08:44:56 --> Cannot delete or update a parent row: a foreign key constraint fails (`gamerspace`.`categoriaproduto`, CONSTRAINT `categoriaproduto_ibfk_2` FOREIGN KEY (`produto`) REFERENCES `produto` (`id`))
ERROR - 2022-05-12 08:44:56 --> Cannot add or update a child row: a foreign key constraint fails (`gamerspace`.`categoriaproduto`, CONSTRAINT `categoriaproduto_ibfk_1` FOREIGN KEY (`categoria`) REFERENCES `categoria` (`id`))
ERROR - 2022-05-12 08:44:56 --> Cannot add or update a child row: a foreign key constraint fails (`gamerspace`.`categoriaproduto`, CONSTRAINT `categoriaproduto_ibfk_1` FOREIGN KEY (`categoria`) REFERENCES `categoria` (`id`))
ERROR - 2022-05-12 08:46:51 --> Cannot delete or update a parent row: a foreign key constraint fails (`gamerspace`.`categoriaproduto`, CONSTRAINT `categoriaproduto_ibfk_2` FOREIGN KEY (`produto`) REFERENCES `produto` (`id`))
ERROR - 2022-05-12 09:00:16 --> Cannot add or update a child row: a foreign key constraint fails (`gamerspace`.`categoriaproduto`, CONSTRAINT `categoriaproduto_ibfk_1` FOREIGN KEY (`categoria`) REFERENCES `categoria` (`id`))
ERROR - 2022-05-12 09:00:16 --> Cannot add or update a child row: a foreign key constraint fails (`gamerspace`.`categoriaproduto`, CONSTRAINT `categoriaproduto_ibfk_1` FOREIGN KEY (`categoria`) REFERENCES `categoria` (`id`))
ERROR - 2022-05-12 09:01:36 --> Cannot add or update a child row: a foreign key constraint fails (`gamerspace`.`categoriaproduto`, CONSTRAINT `categoriaproduto_ibfk_1` FOREIGN KEY (`categoria`) REFERENCES `categoria` (`id`))
ERROR - 2022-05-12 09:01:36 --> Cannot add or update a child row: a foreign key constraint fails (`gamerspace`.`categoriaproduto`, CONSTRAINT `categoriaproduto_ibfk_1` FOREIGN KEY (`categoria`) REFERENCES `categoria` (`id`))
ERROR - 2022-05-12 09:01:49 --> Cannot add or update a child row: a foreign key constraint fails (`gamerspace`.`categoriaproduto`, CONSTRAINT `categoriaproduto_ibfk_1` FOREIGN KEY (`categoria`) REFERENCES `categoria` (`id`))
ERROR - 2022-05-12 09:02:24 --> Cannot add or update a child row: a foreign key constraint fails (`gamerspace`.`categoriaproduto`, CONSTRAINT `categoriaproduto_ibfk_1` FOREIGN KEY (`categoria`) REFERENCES `categoria` (`id`))
ERROR - 2022-05-12 09:03:52 --> Cannot add or update a child row: a foreign key constraint fails (`gamerspace`.`categoriaproduto`, CONSTRAINT `categoriaproduto_ibfk_1` FOREIGN KEY (`categoria`) REFERENCES `categoria` (`id`))
CRITICAL - 2022-05-12 11:02:05 --> Undefined array key "id"
#0 C:\Users\Pichau\Documents\codeigniter4-CodeIgniter4-202f41a\app\Views\clientes.php(97): CodeIgniter\Debug\Exceptions->errorHandler(2, 'Undefined array...', 'C:\\Users\\Pichau...', 97)
#1 C:\Users\Pichau\Documents\codeigniter4-CodeIgniter4-202f41a\system\View\View.php(210): include('C:\\Users\\Pichau...')
#2 C:\Users\Pichau\Documents\codeigniter4-CodeIgniter4-202f41a\system\View\View.php(213): CodeIgniter\View\View->CodeIgniter\View\{closure}()
#3 C:\Users\Pichau\Documents\codeigniter4-CodeIgniter4-202f41a\system\Common.php(1089): CodeIgniter\View\View->render('/clientes', Array, true)
#4 C:\Users\Pichau\Documents\codeigniter4-CodeIgniter4-202f41a\app\Controllers\Home.php(175): view('/clientes', Array)
#5 C:\Users\Pichau\Documents\codeigniter4-CodeIgniter4-202f41a\system\CodeIgniter.php(832): App\Controllers\Home->mostraClientes()
#6 C:\Users\Pichau\Documents\codeigniter4-CodeIgniter4-202f41a\system\CodeIgniter.php(419): CodeIgniter\CodeIgniter->runController(Object(App\Controllers\Home))
#7 C:\Users\Pichau\Documents\codeigniter4-CodeIgniter4-202f41a\system\CodeIgniter.php(326): CodeIgniter\CodeIgniter->handleRequest(NULL, Object(Config\Cache), false)
#8 C:\Users\Pichau\Documents\codeigniter4-CodeIgniter4-202f41a\public\index.php(37): CodeIgniter\CodeIgniter->run()
#9 C:\Users\Pichau\Documents\codeigniter4-CodeIgniter4-202f41a\system\Commands\Server\rewrite.php(43): require_once('C:\\Users\\Pichau...')
#10 {main}
CRITICAL - 2022-05-12 11:12:57 --> Undefined array key "id"
#0 C:\Users\Pichau\Documents\codeigniter4-CodeIgniter4-202f41a\app\Views\clientes.php(98): CodeIgniter\Debug\Exceptions->errorHandler(2, 'Undefined array...', 'C:\\Users\\Pichau...', 98)
#1 C:\Users\Pichau\Documents\codeigniter4-CodeIgniter4-202f41a\system\View\View.php(210): include('C:\\Users\\Pichau...')
#2 C:\Users\Pichau\Documents\codeigniter4-CodeIgniter4-202f41a\system\View\View.php(213): CodeIgniter\View\View->CodeIgniter\View\{closure}()
#3 C:\Users\Pichau\Documents\codeigniter4-CodeIgniter4-202f41a\system\Common.php(1089): CodeIgniter\View\View->render('/clientes', Array, true)
#4 C:\Users\Pichau\Documents\codeigniter4-CodeIgniter4-202f41a\app\Controllers\Home.php(175): view('/clientes', Array)
#5 C:\Users\Pichau\Documents\codeigniter4-CodeIgniter4-202f41a\system\CodeIgniter.php(832): App\Controllers\Home->mostraClientes()
#6 C:\Users\Pichau\Documents\codeigniter4-CodeIgniter4-202f41a\system\CodeIgniter.php(419): CodeIgniter\CodeIgniter->runController(Object(App\Controllers\Home))
#7 C:\Users\Pichau\Documents\codeigniter4-CodeIgniter4-202f41a\system\CodeIgniter.php(326): CodeIgniter\CodeIgniter->handleRequest(NULL, Object(Config\Cache), false)
#8 C:\Users\Pichau\Documents\codeigniter4-CodeIgniter4-202f41a\public\index.php(37): CodeIgniter\CodeIgniter->run()
#9 C:\Users\Pichau\Documents\codeigniter4-CodeIgniter4-202f41a\system\Commands\Server\rewrite.php(43): require_once('C:\\Users\\Pichau...')
#10 {main}
CRITICAL - 2022-05-12 11:13:06 --> Undefined variable $data
#0 C:\Users\Pichau\Documents\codeigniter4-CodeIgniter4-202f41a\app\Views\clientes.php(107): CodeIgniter\Debug\Exceptions->errorHandler(2, 'Undefined varia...', 'C:\\Users\\Pichau...', 107)
#1 C:\Users\Pichau\Documents\codeigniter4-CodeIgniter4-202f41a\system\View\View.php(210): include('C:\\Users\\Pichau...')
#2 C:\Users\Pichau\Documents\codeigniter4-CodeIgniter4-202f41a\system\View\View.php(213): CodeIgniter\View\View->CodeIgniter\View\{closure}()
#3 C:\Users\Pichau\Documents\codeigniter4-CodeIgniter4-202f41a\system\Common.php(1089): CodeIgniter\View\View->render('/clientes', Array, true)
#4 C:\Users\Pichau\Documents\codeigniter4-CodeIgniter4-202f41a\app\Controllers\Home.php(175): view('/clientes', Array)
#5 C:\Users\Pichau\Documents\codeigniter4-CodeIgniter4-202f41a\system\CodeIgniter.php(832): App\Controllers\Home->mostraClientes()
#6 C:\Users\Pichau\Documents\codeigniter4-CodeIgniter4-202f41a\system\CodeIgniter.php(419): CodeIgniter\CodeIgniter->runController(Object(App\Controllers\Home))
#7 C:\Users\Pichau\Documents\codeigniter4-CodeIgniter4-202f41a\system\CodeIgniter.php(326): CodeIgniter\CodeIgniter->handleRequest(NULL, Object(Config\Cache), false)
#8 C:\Users\Pichau\Documents\codeigniter4-CodeIgniter4-202f41a\public\index.php(37): CodeIgniter\CodeIgniter->run()
#9 C:\Users\Pichau\Documents\codeigniter4-CodeIgniter4-202f41a\system\Commands\Server\rewrite.php(43): require_once('C:\\Users\\Pichau...')
#10 {main}
CRITICAL - 2022-05-12 17:47:58 --> Array to string conversion
#0 C:\Users\Pichau\Documents\codeigniter4-CodeIgniter4-202f41a\app\Controllers\Home.php(175): CodeIgniter\Debug\Exceptions->errorHandler(2, 'Array to string...', 'C:\\Users\\Pichau...', 175)
#1 C:\Users\Pichau\Documents\codeigniter4-CodeIgniter4-202f41a\system\CodeIgniter.php(832): App\Controllers\Home->mostraClientes()
#2 C:\Users\Pichau\Documents\codeigniter4-CodeIgniter4-202f41a\system\CodeIgniter.php(419): CodeIgniter\CodeIgniter->runController(Object(App\Controllers\Home))
#3 C:\Users\Pichau\Documents\codeigniter4-CodeIgniter4-202f41a\system\CodeIgniter.php(326): CodeIgniter\CodeIgniter->handleRequest(NULL, Object(Config\Cache), false)
#4 C:\Users\Pichau\Documents\codeigniter4-CodeIgniter4-202f41a\public\index.php(37): CodeIgniter\CodeIgniter->run()
#5 C:\Users\Pichau\Documents\codeigniter4-CodeIgniter4-202f41a\system\Commands\Server\rewrite.php(43): require_once('C:\\Users\\Pichau...')
#6 {main}
CRITICAL - 2022-05-12 18:00:06 --> Undefined array key "id"
#0 C:\Users\Pichau\Documents\codeigniter4-CodeIgniter4-202f41a\app\Views\detalharProduto.php(108): CodeIgniter\Debug\Exceptions->errorHandler(2, 'Undefined array...', 'C:\\Users\\Pichau...', 108)
#1 C:\Users\Pichau\Documents\codeigniter4-CodeIgniter4-202f41a\system\View\View.php(210): include('C:\\Users\\Pichau...')
#2 C:\Users\Pichau\Documents\codeigniter4-CodeIgniter4-202f41a\system\View\View.php(213): CodeIgniter\View\View->CodeIgniter\View\{closure}()
#3 C:\Users\Pichau\Documents\codeigniter4-CodeIgniter4-202f41a\system\Common.php(1089): CodeIgniter\View\View->render('detalharProduto', Array, true)
#4 C:\Users\Pichau\Documents\codeigniter4-CodeIgniter4-202f41a\app\Controllers\Home.php(91): view('detalharProduto', Array)
#5 C:\Users\Pichau\Documents\codeigniter4-CodeIgniter4-202f41a\system\CodeIgniter.php(832): App\Controllers\Home->descricaoDoProduto()
#6 C:\Users\Pichau\Documents\codeigniter4-CodeIgniter4-202f41a\system\CodeIgniter.php(419): CodeIgniter\CodeIgniter->runController(Object(App\Controllers\Home))
#7 C:\Users\Pichau\Documents\codeigniter4-CodeIgniter4-202f41a\system\CodeIgniter.php(326): CodeIgniter\CodeIgniter->handleRequest(NULL, Object(Config\Cache), false)
#8 C:\Users\Pichau\Documents\codeigniter4-CodeIgniter4-202f41a\public\index.php(37): CodeIgniter\CodeIgniter->run()
#9 C:\Users\Pichau\Documents\codeigniter4-CodeIgniter4-202f41a\system\Commands\Server\rewrite.php(43): require_once('C:\\Users\\Pichau...')
#10 {main}
CRITICAL - 2022-05-12 18:00:24 --> Undefined array key "id"
#0 C:\Users\Pichau\Documents\codeigniter4-CodeIgniter4-202f41a\app\Views\detalharProduto.php(108): CodeIgniter\Debug\Exceptions->errorHandler(2, 'Undefined array...', 'C:\\Users\\Pichau...', 108)
#1 C:\Users\Pichau\Documents\codeigniter4-CodeIgniter4-202f41a\system\View\View.php(210): include('C:\\Users\\Pichau...')
#2 C:\Users\Pichau\Documents\codeigniter4-CodeIgniter4-202f41a\system\View\View.php(213): CodeIgniter\View\View->CodeIgniter\View\{closure}()
#3 C:\Users\Pichau\Documents\codeigniter4-CodeIgniter4-202f41a\system\Common.php(1089): CodeIgniter\View\View->render('detalharProduto', Array, true)
#4 C:\Users\Pichau\Documents\codeigniter4-CodeIgniter4-202f41a\app\Controllers\Home.php(91): view('detalharProduto', Array)
#5 C:\Users\Pichau\Documents\codeigniter4-CodeIgniter4-202f41a\system\CodeIgniter.php(832): App\Controllers\Home->descricaoDoProduto()
#6 C:\Users\Pichau\Documents\codeigniter4-CodeIgniter4-202f41a\system\CodeIgniter.php(419): CodeIgniter\CodeIgniter->runController(Object(App\Controllers\Home))
#7 C:\Users\Pichau\Documents\codeigniter4-CodeIgniter4-202f41a\system\CodeIgniter.php(326): CodeIgniter\CodeIgniter->handleRequest(NULL, Object(Config\Cache), false)
#8 C:\Users\Pichau\Documents\codeigniter4-CodeIgniter4-202f41a\public\index.php(37): CodeIgniter\CodeIgniter->run()
#9 C:\Users\Pichau\Documents\codeigniter4-CodeIgniter4-202f41a\system\Commands\Server\rewrite.php(43): require_once('C:\\Users\\Pichau...')
#10 {main}
CRITICAL - 2022-05-12 18:00:51 --> Undefined array key "id"
#0 C:\Users\Pichau\Documents\codeigniter4-CodeIgniter4-202f41a\app\Views\detalharProduto.php(108): CodeIgniter\Debug\Exceptions->errorHandler(2, 'Undefined array...', 'C:\\Users\\Pichau...', 108)
#1 C:\Users\Pichau\Documents\codeigniter4-CodeIgniter4-202f41a\system\View\View.php(210): include('C:\\Users\\Pichau...')
#2 C:\Users\Pichau\Documents\codeigniter4-CodeIgniter4-202f41a\system\View\View.php(213): CodeIgniter\View\View->CodeIgniter\View\{closure}()
#3 C:\Users\Pichau\Documents\codeigniter4-CodeIgniter4-202f41a\system\Common.php(1089): CodeIgniter\View\View->render('detalharProduto', Array, true)
#4 C:\Users\Pichau\Documents\codeigniter4-CodeIgniter4-202f41a\app\Controllers\Home.php(91): view('detalharProduto', Array)
#5 C:\Users\Pichau\Documents\codeigniter4-CodeIgniter4-202f41a\system\CodeIgniter.php(832): App\Controllers\Home->descricaoDoProduto()
#6 C:\Users\Pichau\Documents\codeigniter4-CodeIgniter4-202f41a\system\CodeIgniter.php(419): CodeIgniter\CodeIgniter->runController(Object(App\Controllers\Home))
#7 C:\Users\Pichau\Documents\codeigniter4-CodeIgniter4-202f41a\system\CodeIgniter.php(326): CodeIgniter\CodeIgniter->handleRequest(NULL, Object(Config\Cache), false)
#8 C:\Users\Pichau\Documents\codeigniter4-CodeIgniter4-202f41a\public\index.php(37): CodeIgniter\CodeIgniter->run()
#9 C:\Users\Pichau\Documents\codeigniter4-CodeIgniter4-202f41a\system\Commands\Server\rewrite.php(43): require_once('C:\\Users\\Pichau...')
#10 {main}
CRITICAL - 2022-05-12 18:25:05 --> Too few arguments to function App\Controllers\Home::deleteProduto(), 0 passed in C:\Users\Pichau\Documents\codeigniter4-CodeIgniter4-202f41a\system\CodeIgniter.php on line 832 and exactly 1 expected
#0 C:\Users\Pichau\Documents\codeigniter4-CodeIgniter4-202f41a\system\CodeIgniter.php(832): App\Controllers\Home->deleteProduto()
#1 C:\Users\Pichau\Documents\codeigniter4-CodeIgniter4-202f41a\system\CodeIgniter.php(419): CodeIgniter\CodeIgniter->runController(Object(App\Controllers\Home))
#2 C:\Users\Pichau\Documents\codeigniter4-CodeIgniter4-202f41a\system\CodeIgniter.php(326): CodeIgniter\CodeIgniter->handleRequest(NULL, Object(Config\Cache), false)
#3 C:\Users\Pichau\Documents\codeigniter4-CodeIgniter4-202f41a\public\index.php(37): CodeIgniter\CodeIgniter->run()
#4 C:\Users\Pichau\Documents\codeigniter4-CodeIgniter4-202f41a\system\Commands\Server\rewrite.php(43): require_once('C:\\Users\\Pichau...')
#5 {main}
CRITICAL - 2022-05-12 18:30:40 --> Undefined array key "id"
#0 C:\Users\Pichau\Documents\codeigniter4-CodeIgniter4-202f41a\app\Views\detalharProduto.php(110): CodeIgniter\Debug\Exceptions->errorHandler(2, 'Undefined array...', 'C:\\Users\\Pichau...', 110)
#1 C:\Users\Pichau\Documents\codeigniter4-CodeIgniter4-202f41a\system\View\View.php(210): include('C:\\Users\\Pichau...')
#2 C:\Users\Pichau\Documents\codeigniter4-CodeIgniter4-202f41a\system\View\View.php(213): CodeIgniter\View\View->CodeIgniter\View\{closure}()
#3 C:\Users\Pichau\Documents\codeigniter4-CodeIgniter4-202f41a\system\Common.php(1089): CodeIgniter\View\View->render('detalharProduto', Array, true)
#4 C:\Users\Pichau\Documents\codeigniter4-CodeIgniter4-202f41a\app\Controllers\Home.php(91): view('detalharProduto', Array)
#5 C:\Users\Pichau\Documents\codeigniter4-CodeIgniter4-202f41a\system\CodeIgniter.php(832): App\Controllers\Home->descricaoDoProduto()
#6 C:\Users\Pichau\Documents\codeigniter4-CodeIgniter4-202f41a\system\CodeIgniter.php(419): CodeIgniter\CodeIgniter->runController(Object(App\Controllers\Home))
#7 C:\Users\Pichau\Documents\codeigniter4-CodeIgniter4-202f41a\system\CodeIgniter.php(326): CodeIgniter\CodeIgniter->handleRequest(NULL, Object(Config\Cache), false)
#8 C:\Users\Pichau\Documents\codeigniter4-CodeIgniter4-202f41a\public\index.php(37): CodeIgniter\CodeIgniter->run()
#9 C:\Users\Pichau\Documents\codeigniter4-CodeIgniter4-202f41a\system\Commands\Server\rewrite.php(43): require_once('C:\\Users\\Pichau...')
#10 {main}
CRITICAL - 2022-05-12 18:31:14 --> Undefined array key "id"
#0 C:\Users\Pichau\Documents\codeigniter4-CodeIgniter4-202f41a\app\Views\detalharProduto.php(110): CodeIgniter\Debug\Exceptions->errorHandler(2, 'Undefined array...', 'C:\\Users\\Pichau...', 110)
#1 C:\Users\Pichau\Documents\codeigniter4-CodeIgniter4-202f41a\system\View\View.php(210): include('C:\\Users\\Pichau...')
#2 C:\Users\Pichau\Documents\codeigniter4-CodeIgniter4-202f41a\system\View\View.php(213): CodeIgniter\View\View->CodeIgniter\View\{closure}()
#3 C:\Users\Pichau\Documents\codeigniter4-CodeIgniter4-202f41a\system\Common.php(1089): CodeIgniter\View\View->render('detalharProduto', Array, true)
#4 C:\Users\Pichau\Documents\codeigniter4-CodeIgniter4-202f41a\app\Controllers\Home.php(91): view('detalharProduto', Array)
#5 C:\Users\Pichau\Documents\codeigniter4-CodeIgniter4-202f41a\system\CodeIgniter.php(832): App\Controllers\Home->descricaoDoProduto()
#6 C:\Users\Pichau\Documents\codeigniter4-CodeIgniter4-202f41a\system\CodeIgniter.php(419): CodeIgniter\CodeIgniter->runController(Object(App\Controllers\Home))
#7 C:\Users\Pichau\Documents\codeigniter4-CodeIgniter4-202f41a\system\CodeIgniter.php(326): CodeIgniter\CodeIgniter->handleRequest(NULL, Object(Config\Cache), false)
#8 C:\Users\Pichau\Documents\codeigniter4-CodeIgniter4-202f41a\public\index.php(37): CodeIgniter\CodeIgniter->run()
#9 C:\Users\Pichau\Documents\codeigniter4-CodeIgniter4-202f41a\system\Commands\Server\rewrite.php(43): require_once('C:\\Users\\Pichau...')
#10 {main}
CRITICAL - 2022-05-12 18:31:31 --> Undefined array key "id"
#0 C:\Users\Pichau\Documents\codeigniter4-CodeIgniter4-202f41a\app\Views\detalharProduto.php(113): CodeIgniter\Debug\Exceptions->errorHandler(2, 'Undefined array...', 'C:\\Users\\Pichau...', 113)
#1 C:\Users\Pichau\Documents\codeigniter4-CodeIgniter4-202f41a\system\View\View.php(210): include('C:\\Users\\Pichau...')
#2 C:\Users\Pichau\Documents\codeigniter4-CodeIgniter4-202f41a\system\View\View.php(213): CodeIgniter\View\View->CodeIgniter\View\{closure}()
#3 C:\Users\Pichau\Documents\codeigniter4-CodeIgniter4-202f41a\system\Common.php(1089): CodeIgniter\View\View->render('detalharProduto', Array, true)
#4 C:\Users\Pichau\Documents\codeigniter4-CodeIgniter4-202f41a\app\Controllers\Home.php(91): view('detalharProduto', Array)
#5 C:\Users\Pichau\Documents\codeigniter4-CodeIgniter4-202f41a\system\CodeIgniter.php(832): App\Controllers\Home->descricaoDoProduto()
#6 C:\Users\Pichau\Documents\codeigniter4-CodeIgniter4-202f41a\system\CodeIgniter.php(419): CodeIgniter\CodeIgniter->runController(Object(App\Controllers\Home))
#7 C:\Users\Pichau\Documents\codeigniter4-CodeIgniter4-202f41a\system\CodeIgniter.php(326): CodeIgniter\CodeIgniter->handleRequest(NULL, Object(Config\Cache), false)
#8 C:\Users\Pichau\Documents\codeigniter4-CodeIgniter4-202f41a\public\index.php(37): CodeIgniter\CodeIgniter->run()
#9 C:\Users\Pichau\Documents\codeigniter4-CodeIgniter4-202f41a\system\Commands\Server\rewrite.php(43): require_once('C:\\Users\\Pichau...')
#10 {main}
CRITICAL - 2022-05-12 18:31:33 --> Undefined array key "id"
#0 C:\Users\Pichau\Documents\codeigniter4-CodeIgniter4-202f41a\app\Views\detalharProduto.php(113): CodeIgniter\Debug\Exceptions->errorHandler(2, 'Undefined array...', 'C:\\Users\\Pichau...', 113)
#1 C:\Users\Pichau\Documents\codeigniter4-CodeIgniter4-202f41a\system\View\View.php(210): include('C:\\Users\\Pichau...')
#2 C:\Users\Pichau\Documents\codeigniter4-CodeIgniter4-202f41a\system\View\View.php(213): CodeIgniter\View\View->CodeIgniter\View\{closure}()
#3 C:\Users\Pichau\Documents\codeigniter4-CodeIgniter4-202f41a\system\Common.php(1089): CodeIgniter\View\View->render('detalharProduto', Array, true)
#4 C:\Users\Pichau\Documents\codeigniter4-CodeIgniter4-202f41a\app\Controllers\Home.php(91): view('detalharProduto', Array)
#5 C:\Users\Pichau\Documents\codeigniter4-CodeIgniter4-202f41a\system\CodeIgniter.php(832): App\Controllers\Home->descricaoDoProduto()
#6 C:\Users\Pichau\Documents\codeigniter4-CodeIgniter4-202f41a\system\CodeIgniter.php(419): CodeIgniter\CodeIgniter->runController(Object(App\Controllers\Home))
#7 C:\Users\Pichau\Documents\codeigniter4-CodeIgniter4-202f41a\system\CodeIgniter.php(326): CodeIgniter\CodeIgniter->handleRequest(NULL, Object(Config\Cache), false)
#8 C:\Users\Pichau\Documents\codeigniter4-CodeIgniter4-202f41a\public\index.php(37): CodeIgniter\CodeIgniter->run()
#9 C:\Users\Pichau\Documents\codeigniter4-CodeIgniter4-202f41a\system\Commands\Server\rewrite.php(43): require_once('C:\\Users\\Pichau...')
#10 {main}
CRITICAL - 2022-05-12 18:34:57 --> Undefined array key "url"
#0 C:\Users\Pichau\Documents\codeigniter4-CodeIgniter4-202f41a\app\Views\detalharProduto.php(115): CodeIgniter\Debug\Exceptions->errorHandler(2, 'Undefined array...', 'C:\\Users\\Pichau...', 115)
#1 C:\Users\Pichau\Documents\codeigniter4-CodeIgniter4-202f41a\system\View\View.php(210): include('C:\\Users\\Pichau...')
#2 C:\Users\Pichau\Documents\codeigniter4-CodeIgniter4-202f41a\system\View\View.php(213): CodeIgniter\View\View->CodeIgniter\View\{closure}()
#3 C:\Users\Pichau\Documents\codeigniter4-CodeIgniter4-202f41a\system\Common.php(1089): CodeIgniter\View\View->render('detalharProduto', Array, true)
#4 C:\Users\Pichau\Documents\codeigniter4-CodeIgniter4-202f41a\app\Controllers\Home.php(91): view('detalharProduto', Array)
#5 C:\Users\Pichau\Documents\codeigniter4-CodeIgniter4-202f41a\system\CodeIgniter.php(832): App\Controllers\Home->descricaoDoProduto()
#6 C:\Users\Pichau\Documents\codeigniter4-CodeIgniter4-202f41a\system\CodeIgniter.php(419): CodeIgniter\CodeIgniter->runController(Object(App\Controllers\Home))
#7 C:\Users\Pichau\Documents\codeigniter4-CodeIgniter4-202f41a\system\CodeIgniter.php(326): CodeIgniter\CodeIgniter->handleRequest(NULL, Object(Config\Cache), false)
#8 C:\Users\Pichau\Documents\codeigniter4-CodeIgniter4-202f41a\public\index.php(37): CodeIgniter\CodeIgniter->run()
#9 C:\Users\Pichau\Documents\codeigniter4-CodeIgniter4-202f41a\system\Commands\Server\rewrite.php(43): require_once('C:\\Users\\Pichau...')
#10 {main}
CRITICAL - 2022-05-12 18:38:30 --> Undefined array key "id"
#0 C:\Users\Pichau\Documents\codeigniter4-CodeIgniter4-202f41a\app\Views\detalharProduto.php(109): CodeIgniter\Debug\Exceptions->errorHandler(2, 'Undefined array...', 'C:\\Users\\Pichau...', 109)
#1 C:\Users\Pichau\Documents\codeigniter4-CodeIgniter4-202f41a\system\View\View.php(210): include('C:\\Users\\Pichau...')
#2 C:\Users\Pichau\Documents\codeigniter4-CodeIgniter4-202f41a\system\View\View.php(213): CodeIgniter\View\View->CodeIgniter\View\{closure}()
#3 C:\Users\Pichau\Documents\codeigniter4-CodeIgniter4-202f41a\system\Common.php(1089): CodeIgniter\View\View->render('detalharProduto', Array, true)
#4 C:\Users\Pichau\Documents\codeigniter4-CodeIgniter4-202f41a\app\Controllers\Home.php(91): view('detalharProduto', Array)
#5 C:\Users\Pichau\Documents\codeigniter4-CodeIgniter4-202f41a\system\CodeIgniter.php(832): App\Controllers\Home->descricaoDoProduto()
#6 C:\Users\Pichau\Documents\codeigniter4-CodeIgniter4-202f41a\system\CodeIgniter.php(419): CodeIgniter\CodeIgniter->runController(Object(App\Controllers\Home))
#7 C:\Users\Pichau\Documents\codeigniter4-CodeIgniter4-202f41a\system\CodeIgniter.php(326): CodeIgniter\CodeIgniter->handleRequest(NULL, Object(Config\Cache), false)
#8 C:\Users\Pichau\Documents\codeigniter4-CodeIgniter4-202f41a\public\index.php(37): CodeIgniter\CodeIgniter->run()
#9 C:\Users\Pichau\Documents\codeigniter4-CodeIgniter4-202f41a\system\Commands\Server\rewrite.php(43): require_once('C:\\Users\\Pichau...')
#10 {main}
CRITICAL - 2022-05-12 18:50:34 --> Undefined array key "id"
#0 C:\Users\Pichau\Documents\codeigniter4-CodeIgniter4-202f41a\app\Views\detalharProduto.php(99): CodeIgniter\Debug\Exceptions->errorHandler(2, 'Undefined array...', 'C:\\Users\\Pichau...', 99)
#1 C:\Users\Pichau\Documents\codeigniter4-CodeIgniter4-202f41a\system\View\View.php(210): include('C:\\Users\\Pichau...')
#2 C:\Users\Pichau\Documents\codeigniter4-CodeIgniter4-202f41a\system\View\View.php(213): CodeIgniter\View\View->CodeIgniter\View\{closure}()
#3 C:\Users\Pichau\Documents\codeigniter4-CodeIgniter4-202f41a\system\Common.php(1089): CodeIgniter\View\View->render('detalharProduto', Array, true)
#4 C:\Users\Pichau\Documents\codeigniter4-CodeIgniter4-202f41a\app\Controllers\Home.php(91): view('detalharProduto', Array)
#5 C:\Users\Pichau\Documents\codeigniter4-CodeIgniter4-202f41a\system\CodeIgniter.php(832): App\Controllers\Home->descricaoDoProduto()
#6 C:\Users\Pichau\Documents\codeigniter4-CodeIgniter4-202f41a\system\CodeIgniter.php(419): CodeIgniter\CodeIgniter->runController(Object(App\Controllers\Home))
#7 C:\Users\Pichau\Documents\codeigniter4-CodeIgniter4-202f41a\system\CodeIgniter.php(326): CodeIgniter\CodeIgniter->handleRequest(NULL, Object(Config\Cache), false)
#8 C:\Users\Pichau\Documents\codeigniter4-CodeIgniter4-202f41a\public\index.php(37): CodeIgniter\CodeIgniter->run()
#9 C:\Users\Pichau\Documents\codeigniter4-CodeIgniter4-202f41a\system\Commands\Server\rewrite.php(43): require_once('C:\\Users\\Pichau...')
#10 {main}
ERROR - 2022-05-12 19:05:16 --> Cannot delete or update a parent row: a foreign key constraint fails (`gamerspace`.`categoriaproduto`, CONSTRAINT `categoriaproduto_ibfk_2` FOREIGN KEY (`produto`) REFERENCES `produto` (`id`))
ERROR - 2022-05-12 19:07:00 --> Cannot delete or update a parent row: a foreign key constraint fails (`gamerspace`.`categoriaproduto`, CONSTRAINT `categoriaproduto_ibfk_2` FOREIGN KEY (`produto`) REFERENCES `produto` (`id`))
ERROR - 2022-05-12 19:10:05 --> Cannot delete or update a parent row: a foreign key constraint fails (`gamerspace`.`categoriaproduto`, CONSTRAINT `categoriaproduto_ibfk_2` FOREIGN KEY (`produto`) REFERENCES `produto` (`id`))
